#
# A fatal error has been detected by the Java Runtime Environment:
#
#  EXCEPTION_ACCESS_VIOLATION (0xc0000005) at pc=0x00007ffecbbcee03, pid=11272, tid=18256
#
# JRE version: Java(TM) SE Runtime Environment (15.0.1+9) (build 15.0.1+9-18)
# Java VM: Java HotSpot(TM) 64-Bit Server VM (15.0.1+9-18, mixed mode, sharing, tiered, compressed oops, g1 gc, windows-amd64)
# Problematic frame:
# V  [jvm.dll+0x2fee03]
#
# No core dump will be written. Minidumps are not enabled by default on client versions of Windows
#
# If you would like to submit a bug report, please visit:
#   https://bugreport.java.com/bugreport/crash.jsp
#

---------------  S U M M A R Y ------------

Command Line: -agentlib:jdwp=transport=dt_socket,address=127.0.0.1:52563,suspend=y,server=n -javaagent:C:\Users\mi\AppData\Local\JetBrains\IntelliJIdea2022.2\captureAgent\debugger-agent.jar -Dfile.encoding=UTF-8 Calculator

Host: Intel(R) Core(TM) i5-8300H CPU @ 2.30GHz, 8 cores, 7G,  Windows 10 , 64 bit Build 19041 (10.0.19041.1889)
Time: Sat Sep 17 23:06:23 2022 RTZ 2 (зима) elapsed time: 1358.849595 seconds (0d 0h 22m 38s)

---------------  T H R E A D  ---------------

Current thread (0x000001d847329a40):  JavaThread "JDWP Transport Listener: dt_socket" daemon [_thread_in_vm, id=18256, stack(0x0000009927600000,0x0000009927700000)] _threads_hazard_ptr=0x000001d8473a40c0

Stack: [0x0000009927600000,0x0000009927700000],  sp=0x00000099276fea90,  free space=1018k
Native frames: (J=compiled Java code, j=interpreted, Vv=VM code, C=native code)
V  [jvm.dll+0x2fee03]
V  [jvm.dll+0x302c67]
V  [jvm.dll+0x30305f]
V  [jvm.dll+0x2ff236]
V  [jvm.dll+0x619c80]
V  [jvm.dll+0x619963]
V  [jvm.dll+0x5df038]
V  [jvm.dll+0x7783ef]
V  [jvm.dll+0x4f04b1]
V  [jvm.dll+0x787e95]
V  [jvm.dll+0x4d430a]
V  [jvm.dll+0x49548b]
C  [jdwp.dll+0x7f79]


siginfo: EXCEPTION_ACCESS_VIOLATION (0xc0000005), reading address 0xffffffffffffffff


Register to memory mapping:

RIP=0x00007ffecbbcee03 jvm.dll
RAX=0x000001d84722c040 points into unknown readable memory: 0x0008010000400001 | 01 00 40 00 00 01 08 00
RBX=0x00000099276fec60 is pointing into the stack for thread: 0x000001d847329a40
RCX=0x00000099276fecd0 is pointing into the stack for thread: 0x000001d847329a40
RDX=0xffffffffffffcb0a is an unknown value
RSP=0x00000099276fea90 is pointing into the stack for thread: 0x000001d847329a40
RBP=0x00007ffecbbcede0 jvm.dll
RSI=0x0 is NULL
RDI=0x00000099276fec60 is pointing into the stack for thread: 0x000001d847329a40
R8 =0x03ffffffffffff2c is an unknown value
R9 =0x000000000000000a is an unknown value
R10=0x00007ffecb8d0000 jvm.dll
R11=0x000001d84722c040 points into unknown readable memory: 0x0008010000400001 | 01 00 40 00 00 01 08 00
R12=0x00000000000083b0 is an unknown value
R13=0x0000000000000001 is an unknown value
R14=0x00000000000000b7 is an unknown value
R15=0x000001d846cd212f is pointing into metadata


Registers:
RAX=0x000001d84722c040, RBX=0x00000099276fec60, RCX=0x00000099276fecd0, RDX=0xffffffffffffcb0a
RSP=0x00000099276fea90, RBP=0x00007ffecbbcede0, RSI=0x0000000000000000, RDI=0x00000099276fec60
R8 =0x03ffffffffffff2c, R9 =0x000000000000000a, R10=0x00007ffecb8d0000, R11=0x000001d84722c040
R12=0x00000000000083b0, R13=0x0000000000000001, R14=0x00000000000000b7, R15=0x000001d846cd212f
RIP=0x00007ffecbbcee03, EFLAGS=0x0000000000010a02

Top of Stack: (sp=0x00000099276fea90)
0x00000099276fea90:   0000000089c7f408 0000000000000008
0x00000099276feaa0:   0000000000000000 00007ffecbbe4644
0x00000099276feab0:   00000099276feb30 00007ffecbbd2c67
0x00000099276feac0:   00000099276feb30 000001d8472ee2e0
0x00000099276fead0:   00000099276feb30 00007ffecb9d201e
0x00000099276feae0:   000001d846cd21a0 0000000000000020
0x00000099276feaf0:   000001d846cd212f 00000000000000a7
0x00000099276feb00:   00000000000000a7 00007ffecbbd305f
0x00000099276feb10:   00000099276fec60 00000099276feb60
0x00000099276feb20:   00000000000000b7 00000099276feb60
0x00000099276feb30:   000001d846cd21a0 000001d847329a40
0x00000099276feb40:   000000ba000000b7 000000a7000000c2
0x00000099276feb50:   000000c200000000 ffffffff000000a7
0x00000099276feb60:   0000000000000000 00000000000003d8
0x00000099276feb70:   00000000000083b0 000001d84722bff0
0x00000099276feb80:   000001d847329a40 00007ffecbbcf236 

Instructions: (pc=0x00007ffecbbcee03)
0x00007ffecbbced03:   f8 4c 63 fa 4c 8b f1 48 85 db 74 12 90 39 3b 0f
0x00007ffecbbced13:   84 9b 00 00 00 48 8b 5b 10 48 85 db 75 ef 33 d2
0x00007ffecbbced23:   8d 4a 18 e8 75 3a 38 00 48 8b d8 48 85 c0 74 79
0x00007ffecbbced33:   33 d2 48 89 6c 24 48 49 8b 2e 48 89 74 24 50 89
0x00007ffecbbced43:   38 8d 4a 20 e8 54 3a 38 00 33 ff 48 8b f0 48 85
0x00007ffecbbced53:   c0 74 3f 8b 0d 6c dc 6f 00 8d 57 08 89 48 04 48
0x00007ffecbbced63:   8b c8 89 38 c7 40 10 08 00 00 00 48 89 78 08 e8
0x00007ffecbbced73:   e9 51 01 00 48 89 46 18 39 7e 04 7e 18 48 8b 46
0x00007ffecbbced83:   18 33 d2 8b cf ff c7 48 89 14 c8 3b 7e 04 7c ed
0x00007ffecbbced93:   eb 03 48 8b f7 48 89 73 08 48 8b 74 24 50 48 89
0x00007ffecbbceda3:   6b 10 48 8b 6c 24 48 eb 04 33 ff 8b df 49 89 1e
0x00007ffecbbcedb3:   48 8b 4b 08 48 8d 54 24 40 4c 89 7c 24 40 e8 7a
0x00007ffecbbcedc3:   45 da ff 48 8b 5c 24 58 48 83 c4 20 41 5f 41 5e
0x00007ffecbbcedd3:   5f c3 cc cc cc cc cc cc cc cc cc cc cc 40 53 48
0x00007ffecbbcede3:   83 ec 20 48 63 d2 48 8b d9 0f b6 c2 48 83 c1 70
0x00007ffecbbcedf3:   24 3f 4c 8b c2 44 0f b6 c8 49 c1 e8 06 48 8b 01
0x00007ffecbbcee03:   4e 8b 04 c0 4d 0f a3 c8 72 0b 41 b0 01 e8 bb 7a
0x00007ffecbbcee13:   df ff ff 43 6c 48 83 c4 20 5b c3 cc cc 8b c2 4c
0x00007ffecbbcee23:   8b d1 41 33 c0 a9 00 00 00 f0 0f 84 ca 00 00 00
0x00007ffecbbcee33:   44 8b ca 8b c2 41 c1 e9 1d b9 72 00 00 00 41 80
0x00007ffecbbcee43:   e1 01 c1 e8 1e 44 8d 59 ae a8 01 74 1a 45 84 c9
0x00007ffecbbcee53:   75 0d c1 ea 1c f6 c2 01 75 05 44 8b c9 eb 35 41
0x00007ffecbbcee63:   b9 23 00 00 00 eb 2d 45 84 c9 74 08 41 b9 76 00
0x00007ffecbbcee73:   00 00 eb 20 8b c2 c1 e8 1c a8 01 74 08 41 b9 70
0x00007ffecbbcee83:   00 00 00 eb 0f c1 ea 1f 41 b9 40 00 00 00 84 d2
0x00007ffecbbcee93:   45 0f 45 cb 41 8b d0 41 8b c0 c1 ea 1d 80 e2 01
0x00007ffecbbceea3:   c1 e8 1e a8 01 74 15 84 d2 75 0a 41 c1 e8 1c 41
0x00007ffecbbceeb3:   f6 c0 01 74 33 b9 23 00 00 00 eb 2c 84 d2 74 07
0x00007ffecbbceec3:   b9 76 00 00 00 eb 21 41 8b c0 c1 e8 1c a8 01 74
0x00007ffecbbceed3:   07 b9 70 00 00 00 eb 10 41 c1 e8 1f b9 40 00 00
0x00007ffecbbceee3:   00 45 84 c0 41 0f 45 cb 44 8b c1 48 8d 15 83 00
0x00007ffecbbceef3:   59 00 49 8b ca e9 b3 56 00 00 c3 cc cc 40 53 48 


Stack slot to memory mapping:
stack at sp + 0 slots: 0x0000000089c7f408 is an oop: [Ljava.lang.Object; 
{0x0000000089c7f408} - klass: 'java/lang/Object'[]
 - length: 8
stack at sp + 1 slots: 0x0000000000000008 is an unknown value
stack at sp + 2 slots: 0x0 is NULL
stack at sp + 3 slots: 0x00007ffecbbe4644 jvm.dll
stack at sp + 4 slots: 0x00000099276feb30 is pointing into the stack for thread: 0x000001d847329a40
stack at sp + 5 slots: 0x00007ffecbbd2c67 jvm.dll
stack at sp + 6 slots: 0x00000099276feb30 is pointing into the stack for thread: 0x000001d847329a40
stack at sp + 7 slots: 0x000001d8472ee2e0 points into unknown readable memory: 0x0000000000000000 | 00 00 00 00 00 00 00 00


---------------  P R O C E S S  ---------------

Threads class SMR info:
_java_thread_list=0x000001d8473a40c0, length=14, elements={
0x000001d827e008c0, 0x000001d84685ddc0, 0x000001d84685e990, 0x000001d84687a690,
0x000001d84687d060, 0x000001d84687db10, 0x000001d8468861d0, 0x000001d846889570,
0x000001d8468a60c0, 0x000001d8468422c0, 0x000001d847329a40, 0x000001d847327d50,
0x000001d84738c7f0, 0x000001d84745c930
}

Java Threads: ( => current thread )
  0x000001d827e008c0 JavaThread "main" [_thread_blocked, id=16580, stack(0x0000009926600000,0x0000009926700000)]
  0x000001d84685ddc0 JavaThread "Reference Handler" daemon [_thread_blocked, id=14288, stack(0x0000009926d00000,0x0000009926e00000)]
  0x000001d84685e990 JavaThread "Finalizer" daemon [_thread_blocked, id=17772, stack(0x0000009926e00000,0x0000009926f00000)]
  0x000001d84687a690 JavaThread "Signal Dispatcher" daemon [_thread_blocked, id=8420, stack(0x0000009926f00000,0x0000009927000000)]
  0x000001d84687d060 JavaThread "Attach Listener" daemon [_thread_blocked, id=16156, stack(0x0000009927000000,0x0000009927100000)]
  0x000001d84687db10 JavaThread "Service Thread" daemon [_thread_blocked, id=10128, stack(0x0000009927100000,0x0000009927200000)]
  0x000001d8468861d0 JavaThread "C2 CompilerThread0" daemon [_thread_blocked, id=3812, stack(0x0000009927200000,0x0000009927300000)]
  0x000001d846889570 JavaThread "C1 CompilerThread0" daemon [_thread_blocked, id=11056, stack(0x0000009927300000,0x0000009927400000)]
  0x000001d8468a60c0 JavaThread "Sweeper thread" daemon [_thread_blocked, id=6848, stack(0x0000009927400000,0x0000009927500000)]
  0x000001d8468422c0 JavaThread "Common-Cleaner" daemon [_thread_blocked, id=18008, stack(0x0000009927500000,0x0000009927600000)]
=>0x000001d847329a40 JavaThread "JDWP Transport Listener: dt_socket" daemon [_thread_in_vm, id=18256, stack(0x0000009927600000,0x0000009927700000)]
  0x000001d847327d50 JavaThread "JDWP Event Helper Thread" daemon [_thread_blocked, id=1916, stack(0x0000009927700000,0x0000009927800000)]
  0x000001d84738c7f0 JavaThread "JDWP Command Reader" daemon [_thread_in_native, id=13556, stack(0x0000009927800000,0x0000009927900000)]
  0x000001d84745c930 JavaThread "Notification Thread" daemon [_thread_blocked, id=16628, stack(0x0000009927900000,0x0000009927a00000)]

Other Threads:
  0x000001d84685c540 VMThread "VM Thread" [stack: 0x0000009926c00000,0x0000009926d00000] [id=2316]
  0x000001d8473a6f90 WatcherThread [stack: 0x0000009927a00000,0x0000009927b00000] [id=14948]
  0x000001d827e405e0 GCTaskThread "GC Thread#0" [stack: 0x0000009926700000,0x0000009926800000] [id=13804]
  0x000001d827e52340 ConcurrentGCThread "G1 Main Marker" [stack: 0x0000009926800000,0x0000009926900000] [id=9524]
  0x000001d827e536d0 ConcurrentGCThread "G1 Conc#0" [stack: 0x0000009926900000,0x0000009926a00000] [id=14816]
  0x000001d827edc8c0 ConcurrentGCThread "G1 Refine#0" [stack: 0x0000009926a00000,0x0000009926b00000] [id=9436]
  0x000001d827ede370 ConcurrentGCThread "G1 Young RemSet Sampling" [stack: 0x0000009926b00000,0x0000009926c00000] [id=5624]

Threads with active compile tasks:

VM state: not at safepoint (normal execution)

VM Mutex/Monitor currently owned by a thread: None

Heap address: 0x0000000082000000, size: 2016 MB, Compressed Oops mode: 32-bit
CDS archive(s) mapped at: [0x0000000800000000-0x0000000800b50000-0x0000000800b50000), size 11862016, SharedBaseAddress: 0x0000000800000000, ArchiveRelocationMode: 0.
Compressed class space mapped at: 0x0000000800b50000-0x0000000840b50000, size: 1073741824
Narrow klass base: 0x0000000800000000, Narrow klass shift: 3, Narrow klass range: 0x100000000

GC Precious Log:
 CPUs: 8 total, 8 available
 Memory: 8061M
 Large Page Support: Disabled
 NUMA Support: Disabled
 Compressed Oops: Enabled (32-bit)
 Heap Region Size: 1M
 Heap Min Capacity: 8M
 Heap Initial Capacity: 126M
 Heap Max Capacity: 2016M
 Pre-touch: Disabled
 Parallel Workers: 8
 Concurrent Workers: 2
 Concurrent Refinement Workers: 8
 Periodic GC: Disabled

Heap:
 garbage-first heap   total 129024K, used 2048K [0x0000000082000000, 0x0000000100000000)
  region size 1024K, 3 young (3072K), 0 survivors (0K)
 Metaspace       used 595K, capacity 4569K, committed 4864K, reserved 1056768K
  class space    used 49K, capacity 391K, committed 512K, reserved 1048576K

Heap Regions: E=young(eden), S=young(survivor), O=old, HS=humongous(starts), HC=humongous(continues), CS=collection set, F=free, OA=open archive, CA=closed archive, TAMS=top-at-mark-start (previous, next)
|   0|0x0000000082000000, 0x0000000082000000, 0x0000000082100000|  0%| F|  |TAMS 0x0000000082000000, 0x0000000082000000| Untracked 
|   1|0x0000000082100000, 0x0000000082100000, 0x0000000082200000|  0%| F|  |TAMS 0x0000000082100000, 0x0000000082100000| Untracked 
|   2|0x0000000082200000, 0x0000000082200000, 0x0000000082300000|  0%| F|  |TAMS 0x0000000082200000, 0x0000000082200000| Untracked 
|   3|0x0000000082300000, 0x0000000082300000, 0x0000000082400000|  0%| F|  |TAMS 0x0000000082300000, 0x0000000082300000| Untracked 
|   4|0x0000000082400000, 0x0000000082400000, 0x0000000082500000|  0%| F|  |TAMS 0x0000000082400000, 0x0000000082400000| Untracked 
|   5|0x0000000082500000, 0x0000000082500000, 0x0000000082600000|  0%| F|  |TAMS 0x0000000082500000, 0x0000000082500000| Untracked 
|   6|0x0000000082600000, 0x0000000082600000, 0x0000000082700000|  0%| F|  |TAMS 0x0000000082600000, 0x0000000082600000| Untracked 
|   7|0x0000000082700000, 0x0000000082700000, 0x0000000082800000|  0%| F|  |TAMS 0x0000000082700000, 0x0000000082700000| Untracked 
|   8|0x0000000082800000, 0x0000000082800000, 0x0000000082900000|  0%| F|  |TAMS 0x0000000082800000, 0x0000000082800000| Untracked 
|   9|0x0000000082900000, 0x0000000082900000, 0x0000000082a00000|  0%| F|  |TAMS 0x0000000082900000, 0x0000000082900000| Untracked 
|  10|0x0000000082a00000, 0x0000000082a00000, 0x0000000082b00000|  0%| F|  |TAMS 0x0000000082a00000, 0x0000000082a00000| Untracked 
|  11|0x0000000082b00000, 0x0000000082b00000, 0x0000000082c00000|  0%| F|  |TAMS 0x0000000082b00000, 0x0000000082b00000| Untracked 
|  12|0x0000000082c00000, 0x0000000082c00000, 0x0000000082d00000|  0%| F|  |TAMS 0x0000000082c00000, 0x0000000082c00000| Untracked 
|  13|0x0000000082d00000, 0x0000000082d00000, 0x0000000082e00000|  0%| F|  |TAMS 0x0000000082d00000, 0x0000000082d00000| Untracked 
|  14|0x0000000082e00000, 0x0000000082e00000, 0x0000000082f00000|  0%| F|  |TAMS 0x0000000082e00000, 0x0000000082e00000| Untracked 
|  15|0x0000000082f00000, 0x0000000082f00000, 0x0000000083000000|  0%| F|  |TAMS 0x0000000082f00000, 0x0000000082f00000| Untracked 
|  16|0x0000000083000000, 0x0000000083000000, 0x0000000083100000|  0%| F|  |TAMS 0x0000000083000000, 0x0000000083000000| Untracked 
|  17|0x0000000083100000, 0x0000000083100000, 0x0000000083200000|  0%| F|  |TAMS 0x0000000083100000, 0x0000000083100000| Untracked 
|  18|0x0000000083200000, 0x0000000083200000, 0x0000000083300000|  0%| F|  |TAMS 0x0000000083200000, 0x0000000083200000| Untracked 
|  19|0x0000000083300000, 0x0000000083300000, 0x0000000083400000|  0%| F|  |TAMS 0x0000000083300000, 0x0000000083300000| Untracked 
|  20|0x0000000083400000, 0x0000000083400000, 0x0000000083500000|  0%| F|  |TAMS 0x0000000083400000, 0x0000000083400000| Untracked 
|  21|0x0000000083500000, 0x0000000083500000, 0x0000000083600000|  0%| F|  |TAMS 0x0000000083500000, 0x0000000083500000| Untracked 
|  22|0x0000000083600000, 0x0000000083600000, 0x0000000083700000|  0%| F|  |TAMS 0x0000000083600000, 0x0000000083600000| Untracked 
|  23|0x0000000083700000, 0x0000000083700000, 0x0000000083800000|  0%| F|  |TAMS 0x0000000083700000, 0x0000000083700000| Untracked 
|  24|0x0000000083800000, 0x0000000083800000, 0x0000000083900000|  0%| F|  |TAMS 0x0000000083800000, 0x0000000083800000| Untracked 
|  25|0x0000000083900000, 0x0000000083900000, 0x0000000083a00000|  0%| F|  |TAMS 0x0000000083900000, 0x0000000083900000| Untracked 
|  26|0x0000000083a00000, 0x0000000083a00000, 0x0000000083b00000|  0%| F|  |TAMS 0x0000000083a00000, 0x0000000083a00000| Untracked 
|  27|0x0000000083b00000, 0x0000000083b00000, 0x0000000083c00000|  0%| F|  |TAMS 0x0000000083b00000, 0x0000000083b00000| Untracked 
|  28|0x0000000083c00000, 0x0000000083c00000, 0x0000000083d00000|  0%| F|  |TAMS 0x0000000083c00000, 0x0000000083c00000| Untracked 
|  29|0x0000000083d00000, 0x0000000083d00000, 0x0000000083e00000|  0%| F|  |TAMS 0x0000000083d00000, 0x0000000083d00000| Untracked 
|  30|0x0000000083e00000, 0x0000000083e00000, 0x0000000083f00000|  0%| F|  |TAMS 0x0000000083e00000, 0x0000000083e00000| Untracked 
|  31|0x0000000083f00000, 0x0000000083f00000, 0x0000000084000000|  0%| F|  |TAMS 0x0000000083f00000, 0x0000000083f00000| Untracked 
|  32|0x0000000084000000, 0x0000000084000000, 0x0000000084100000|  0%| F|  |TAMS 0x0000000084000000, 0x0000000084000000| Untracked 
|  33|0x0000000084100000, 0x0000000084100000, 0x0000000084200000|  0%| F|  |TAMS 0x0000000084100000, 0x0000000084100000| Untracked 
|  34|0x0000000084200000, 0x0000000084200000, 0x0000000084300000|  0%| F|  |TAMS 0x0000000084200000, 0x0000000084200000| Untracked 
|  35|0x0000000084300000, 0x0000000084300000, 0x0000000084400000|  0%| F|  |TAMS 0x0000000084300000, 0x0000000084300000| Untracked 
|  36|0x0000000084400000, 0x0000000084400000, 0x0000000084500000|  0%| F|  |TAMS 0x0000000084400000, 0x0000000084400000| Untracked 
|  37|0x0000000084500000, 0x0000000084500000, 0x0000000084600000|  0%| F|  |TAMS 0x0000000084500000, 0x0000000084500000| Untracked 
|  38|0x0000000084600000, 0x0000000084600000, 0x0000000084700000|  0%| F|  |TAMS 0x0000000084600000, 0x0000000084600000| Untracked 
|  39|0x0000000084700000, 0x0000000084700000, 0x0000000084800000|  0%| F|  |TAMS 0x0000000084700000, 0x0000000084700000| Untracked 
|  40|0x0000000084800000, 0x0000000084800000, 0x0000000084900000|  0%| F|  |TAMS 0x0000000084800000, 0x0000000084800000| Untracked 
|  41|0x0000000084900000, 0x0000000084900000, 0x0000000084a00000|  0%| F|  |TAMS 0x0000000084900000, 0x0000000084900000| Untracked 
|  42|0x0000000084a00000, 0x0000000084a00000, 0x0000000084b00000|  0%| F|  |TAMS 0x0000000084a00000, 0x0000000084a00000| Untracked 
|  43|0x0000000084b00000, 0x0000000084b00000, 0x0000000084c00000|  0%| F|  |TAMS 0x0000000084b00000, 0x0000000084b00000| Untracked 
|  44|0x0000000084c00000, 0x0000000084c00000, 0x0000000084d00000|  0%| F|  |TAMS 0x0000000084c00000, 0x0000000084c00000| Untracked 
|  45|0x0000000084d00000, 0x0000000084d00000, 0x0000000084e00000|  0%| F|  |TAMS 0x0000000084d00000, 0x0000000084d00000| Untracked 
|  46|0x0000000084e00000, 0x0000000084e00000, 0x0000000084f00000|  0%| F|  |TAMS 0x0000000084e00000, 0x0000000084e00000| Untracked 
|  47|0x0000000084f00000, 0x0000000084f00000, 0x0000000085000000|  0%| F|  |TAMS 0x0000000084f00000, 0x0000000084f00000| Untracked 
|  48|0x0000000085000000, 0x0000000085000000, 0x0000000085100000|  0%| F|  |TAMS 0x0000000085000000, 0x0000000085000000| Untracked 
|  49|0x0000000085100000, 0x0000000085100000, 0x0000000085200000|  0%| F|  |TAMS 0x0000000085100000, 0x0000000085100000| Untracked 
|  50|0x0000000085200000, 0x0000000085200000, 0x0000000085300000|  0%| F|  |TAMS 0x0000000085200000, 0x0000000085200000| Untracked 
|  51|0x0000000085300000, 0x0000000085300000, 0x0000000085400000|  0%| F|  |TAMS 0x0000000085300000, 0x0000000085300000| Untracked 
|  52|0x0000000085400000, 0x0000000085400000, 0x0000000085500000|  0%| F|  |TAMS 0x0000000085400000, 0x0000000085400000| Untracked 
|  53|0x0000000085500000, 0x0000000085500000, 0x0000000085600000|  0%| F|  |TAMS 0x0000000085500000, 0x0000000085500000| Untracked 
|  54|0x0000000085600000, 0x0000000085600000, 0x0000000085700000|  0%| F|  |TAMS 0x0000000085600000, 0x0000000085600000| Untracked 
|  55|0x0000000085700000, 0x0000000085700000, 0x0000000085800000|  0%| F|  |TAMS 0x0000000085700000, 0x0000000085700000| Untracked 
|  56|0x0000000085800000, 0x0000000085800000, 0x0000000085900000|  0%| F|  |TAMS 0x0000000085800000, 0x0000000085800000| Untracked 
|  57|0x0000000085900000, 0x0000000085900000, 0x0000000085a00000|  0%| F|  |TAMS 0x0000000085900000, 0x0000000085900000| Untracked 
|  58|0x0000000085a00000, 0x0000000085a00000, 0x0000000085b00000|  0%| F|  |TAMS 0x0000000085a00000, 0x0000000085a00000| Untracked 
|  59|0x0000000085b00000, 0x0000000085b00000, 0x0000000085c00000|  0%| F|  |TAMS 0x0000000085b00000, 0x0000000085b00000| Untracked 
|  60|0x0000000085c00000, 0x0000000085c00000, 0x0000000085d00000|  0%| F|  |TAMS 0x0000000085c00000, 0x0000000085c00000| Untracked 
|  61|0x0000000085d00000, 0x0000000085d00000, 0x0000000085e00000|  0%| F|  |TAMS 0x0000000085d00000, 0x0000000085d00000| Untracked 
|  62|0x0000000085e00000, 0x0000000085e00000, 0x0000000085f00000|  0%| F|  |TAMS 0x0000000085e00000, 0x0000000085e00000| Untracked 
|  63|0x0000000085f00000, 0x0000000085f00000, 0x0000000086000000|  0%| F|  |TAMS 0x0000000085f00000, 0x0000000085f00000| Untracked 
|  64|0x0000000086000000, 0x0000000086000000, 0x0000000086100000|  0%| F|  |TAMS 0x0000000086000000, 0x0000000086000000| Untracked 
|  65|0x0000000086100000, 0x0000000086100000, 0x0000000086200000|  0%| F|  |TAMS 0x0000000086100000, 0x0000000086100000| Untracked 
|  66|0x0000000086200000, 0x0000000086200000, 0x0000000086300000|  0%| F|  |TAMS 0x0000000086200000, 0x0000000086200000| Untracked 
|  67|0x0000000086300000, 0x0000000086300000, 0x0000000086400000|  0%| F|  |TAMS 0x0000000086300000, 0x0000000086300000| Untracked 
|  68|0x0000000086400000, 0x0000000086400000, 0x0000000086500000|  0%| F|  |TAMS 0x0000000086400000, 0x0000000086400000| Untracked 
|  69|0x0000000086500000, 0x0000000086500000, 0x0000000086600000|  0%| F|  |TAMS 0x0000000086500000, 0x0000000086500000| Untracked 
|  70|0x0000000086600000, 0x0000000086600000, 0x0000000086700000|  0%| F|  |TAMS 0x0000000086600000, 0x0000000086600000| Untracked 
|  71|0x0000000086700000, 0x0000000086700000, 0x0000000086800000|  0%| F|  |TAMS 0x0000000086700000, 0x0000000086700000| Untracked 
|  72|0x0000000086800000, 0x0000000086800000, 0x0000000086900000|  0%| F|  |TAMS 0x0000000086800000, 0x0000000086800000| Untracked 
|  73|0x0000000086900000, 0x0000000086900000, 0x0000000086a00000|  0%| F|  |TAMS 0x0000000086900000, 0x0000000086900000| Untracked 
|  74|0x0000000086a00000, 0x0000000086a00000, 0x0000000086b00000|  0%| F|  |TAMS 0x0000000086a00000, 0x0000000086a00000| Untracked 
|  75|0x0000000086b00000, 0x0000000086b00000, 0x0000000086c00000|  0%| F|  |TAMS 0x0000000086b00000, 0x0000000086b00000| Untracked 
|  76|0x0000000086c00000, 0x0000000086c00000, 0x0000000086d00000|  0%| F|  |TAMS 0x0000000086c00000, 0x0000000086c00000| Untracked 
|  77|0x0000000086d00000, 0x0000000086d00000, 0x0000000086e00000|  0%| F|  |TAMS 0x0000000086d00000, 0x0000000086d00000| Untracked 
|  78|0x0000000086e00000, 0x0000000086e00000, 0x0000000086f00000|  0%| F|  |TAMS 0x0000000086e00000, 0x0000000086e00000| Untracked 
|  79|0x0000000086f00000, 0x0000000086f00000, 0x0000000087000000|  0%| F|  |TAMS 0x0000000086f00000, 0x0000000086f00000| Untracked 
|  80|0x0000000087000000, 0x0000000087000000, 0x0000000087100000|  0%| F|  |TAMS 0x0000000087000000, 0x0000000087000000| Untracked 
|  81|0x0000000087100000, 0x0000000087100000, 0x0000000087200000|  0%| F|  |TAMS 0x0000000087100000, 0x0000000087100000| Untracked 
|  82|0x0000000087200000, 0x0000000087200000, 0x0000000087300000|  0%| F|  |TAMS 0x0000000087200000, 0x0000000087200000| Untracked 
|  83|0x0000000087300000, 0x0000000087300000, 0x0000000087400000|  0%| F|  |TAMS 0x0000000087300000, 0x0000000087300000| Untracked 
|  84|0x0000000087400000, 0x0000000087400000, 0x0000000087500000|  0%| F|  |TAMS 0x0000000087400000, 0x0000000087400000| Untracked 
|  85|0x0000000087500000, 0x0000000087500000, 0x0000000087600000|  0%| F|  |TAMS 0x0000000087500000, 0x0000000087500000| Untracked 
|  86|0x0000000087600000, 0x0000000087600000, 0x0000000087700000|  0%| F|  |TAMS 0x0000000087600000, 0x0000000087600000| Untracked 
|  87|0x0000000087700000, 0x0000000087700000, 0x0000000087800000|  0%| F|  |TAMS 0x0000000087700000, 0x0000000087700000| Untracked 
|  88|0x0000000087800000, 0x0000000087800000, 0x0000000087900000|  0%| F|  |TAMS 0x0000000087800000, 0x0000000087800000| Untracked 
|  89|0x0000000087900000, 0x0000000087900000, 0x0000000087a00000|  0%| F|  |TAMS 0x0000000087900000, 0x0000000087900000| Untracked 
|  90|0x0000000087a00000, 0x0000000087a00000, 0x0000000087b00000|  0%| F|  |TAMS 0x0000000087a00000, 0x0000000087a00000| Untracked 
|  91|0x0000000087b00000, 0x0000000087b00000, 0x0000000087c00000|  0%| F|  |TAMS 0x0000000087b00000, 0x0000000087b00000| Untracked 
|  92|0x0000000087c00000, 0x0000000087c00000, 0x0000000087d00000|  0%| F|  |TAMS 0x0000000087c00000, 0x0000000087c00000| Untracked 
|  93|0x0000000087d00000, 0x0000000087d00000, 0x0000000087e00000|  0%| F|  |TAMS 0x0000000087d00000, 0x0000000087d00000| Untracked 
|  94|0x0000000087e00000, 0x0000000087e00000, 0x0000000087f00000|  0%| F|  |TAMS 0x0000000087e00000, 0x0000000087e00000| Untracked 
|  95|0x0000000087f00000, 0x0000000087f00000, 0x0000000088000000|  0%| F|  |TAMS 0x0000000087f00000, 0x0000000087f00000| Untracked 
|  96|0x0000000088000000, 0x0000000088000000, 0x0000000088100000|  0%| F|  |TAMS 0x0000000088000000, 0x0000000088000000| Untracked 
|  97|0x0000000088100000, 0x0000000088100000, 0x0000000088200000|  0%| F|  |TAMS 0x0000000088100000, 0x0000000088100000| Untracked 
|  98|0x0000000088200000, 0x0000000088200000, 0x0000000088300000|  0%| F|  |TAMS 0x0000000088200000, 0x0000000088200000| Untracked 
|  99|0x0000000088300000, 0x0000000088300000, 0x0000000088400000|  0%| F|  |TAMS 0x0000000088300000, 0x0000000088300000| Untracked 
| 100|0x0000000088400000, 0x0000000088400000, 0x0000000088500000|  0%| F|  |TAMS 0x0000000088400000, 0x0000000088400000| Untracked 
| 101|0x0000000088500000, 0x0000000088500000, 0x0000000088600000|  0%| F|  |TAMS 0x0000000088500000, 0x0000000088500000| Untracked 
| 102|0x0000000088600000, 0x0000000088600000, 0x0000000088700000|  0%| F|  |TAMS 0x0000000088600000, 0x0000000088600000| Untracked 
| 103|0x0000000088700000, 0x0000000088700000, 0x0000000088800000|  0%| F|  |TAMS 0x0000000088700000, 0x0000000088700000| Untracked 
| 104|0x0000000088800000, 0x0000000088800000, 0x0000000088900000|  0%| F|  |TAMS 0x0000000088800000, 0x0000000088800000| Untracked 
| 105|0x0000000088900000, 0x0000000088900000, 0x0000000088a00000|  0%| F|  |TAMS 0x0000000088900000, 0x0000000088900000| Untracked 
| 106|0x0000000088a00000, 0x0000000088a00000, 0x0000000088b00000|  0%| F|  |TAMS 0x0000000088a00000, 0x0000000088a00000| Untracked 
| 107|0x0000000088b00000, 0x0000000088b00000, 0x0000000088c00000|  0%| F|  |TAMS 0x0000000088b00000, 0x0000000088b00000| Untracked 
| 108|0x0000000088c00000, 0x0000000088c00000, 0x0000000088d00000|  0%| F|  |TAMS 0x0000000088c00000, 0x0000000088c00000| Untracked 
| 109|0x0000000088d00000, 0x0000000088d00000, 0x0000000088e00000|  0%| F|  |TAMS 0x0000000088d00000, 0x0000000088d00000| Untracked 
| 110|0x0000000088e00000, 0x0000000088e00000, 0x0000000088f00000|  0%| F|  |TAMS 0x0000000088e00000, 0x0000000088e00000| Untracked 
| 111|0x0000000088f00000, 0x0000000088f00000, 0x0000000089000000|  0%| F|  |TAMS 0x0000000088f00000, 0x0000000088f00000| Untracked 
| 112|0x0000000089000000, 0x0000000089000000, 0x0000000089100000|  0%| F|  |TAMS 0x0000000089000000, 0x0000000089000000| Untracked 
| 113|0x0000000089100000, 0x0000000089100000, 0x0000000089200000|  0%| F|  |TAMS 0x0000000089100000, 0x0000000089100000| Untracked 
| 114|0x0000000089200000, 0x0000000089200000, 0x0000000089300000|  0%| F|  |TAMS 0x0000000089200000, 0x0000000089200000| Untracked 
| 115|0x0000000089300000, 0x0000000089300000, 0x0000000089400000|  0%| F|  |TAMS 0x0000000089300000, 0x0000000089300000| Untracked 
| 116|0x0000000089400000, 0x0000000089400000, 0x0000000089500000|  0%| F|  |TAMS 0x0000000089400000, 0x0000000089400000| Untracked 
| 117|0x0000000089500000, 0x0000000089500000, 0x0000000089600000|  0%| F|  |TAMS 0x0000000089500000, 0x0000000089500000| Untracked 
| 118|0x0000000089600000, 0x0000000089600000, 0x0000000089700000|  0%| F|  |TAMS 0x0000000089600000, 0x0000000089600000| Untracked 
| 119|0x0000000089700000, 0x0000000089700000, 0x0000000089800000|  0%| F|  |TAMS 0x0000000089700000, 0x0000000089700000| Untracked 
| 120|0x0000000089800000, 0x0000000089800000, 0x0000000089900000|  0%| F|  |TAMS 0x0000000089800000, 0x0000000089800000| Untracked 
| 121|0x0000000089900000, 0x0000000089900000, 0x0000000089a00000|  0%| F|  |TAMS 0x0000000089900000, 0x0000000089900000| Untracked 
| 122|0x0000000089a00000, 0x0000000089a00000, 0x0000000089b00000|  0%| F|  |TAMS 0x0000000089a00000, 0x0000000089a00000| Untracked 
| 123|0x0000000089b00000, 0x0000000089b76930, 0x0000000089c00000| 46%| E|  |TAMS 0x0000000089b00000, 0x0000000089b00000| Complete 
| 124|0x0000000089c00000, 0x0000000089d00000, 0x0000000089d00000|100%| E|CS|TAMS 0x0000000089c00000, 0x0000000089c00000| Complete 
| 125|0x0000000089d00000, 0x0000000089e00000, 0x0000000089e00000|100%| E|CS|TAMS 0x0000000089d00000, 0x0000000089d00000| Complete 

Card table byte_map: [0x000001d83f770000,0x000001d83fb60000] _byte_map_base: 0x000001d83f360000

Marking Bits (Prev, Next): (CMBitMap*) 0x000001d827e41de0, (CMBitMap*) 0x000001d827e41e20
 Prev Bits: [0x000001d83ff50000, 0x000001d841ed0000)
 Next Bits: [0x000001d841ed0000, 0x000001d843e50000)

Polling page: 0x000001d825d10000

Metaspace:

Usage:
  Non-class:      4.08 MB capacity,   546.27 KB ( 13%) used,     3.55 MB ( 87%) free+waste,   512 bytes ( <1%) overhead. 
      Class:    391.00 KB capacity,    49.33 KB ( 13%) used,   341.36 KB ( 87%) free+waste,   320 bytes ( <1%) overhead. 
       Both:      4.46 MB capacity,   595.60 KB ( 13%) used,     3.88 MB ( 87%) free+waste,   832 bytes ( <1%) overhead. 

Virtual space:
  Non-class space:        8.00 MB reserved,       4.25 MB ( 53%) committed 
      Class space:        1.00 GB reserved,     512.00 KB ( <1%) committed 
             Both:        1.01 GB reserved,       4.75 MB ( <1%) committed 

Chunk freelists:
   Non-Class:  46.00 KB
       Class:  1.00 KB
        Both:  47.00 KB

MaxMetaspaceSize: 17179869184.00 GB
CompressedClassSpaceSize: 1.00 GB

CodeHeap 'non-profiled nmethods': size=120000Kb used=57Kb max_used=57Kb free=119942Kb
 bounds [0x000001d837b10000, 0x000001d837d80000, 0x000001d83f040000]
CodeHeap 'profiled nmethods': size=120000Kb used=203Kb max_used=203Kb free=119796Kb
 bounds [0x000001d8305e0000, 0x000001d830850000, 0x000001d837b10000]
CodeHeap 'non-nmethods': size=5760Kb used=1179Kb max_used=1193Kb free=4580Kb
 bounds [0x000001d830040000, 0x000001d8302b0000, 0x000001d8305e0000]
 total_blobs=503 nmethods=176 adapters=240
 compilation: enabled
              stopped_count=0, restarted_count=0
 full_count=0

Compilation events (20 events):
Event: 0.116 Thread 0x000001d846889570  166       3       java.lang.StringLatin1::newString (24 bytes)
Event: 0.116 Thread 0x000001d846889570 nmethod 166 0x000001d83060e510 code [0x000001d83060e6c0, 0x000001d83060e9e8]
Event: 0.116 Thread 0x000001d846889570  167       3       java.lang.String::indexOf (29 bytes)
Event: 0.116 Thread 0x000001d846889570 nmethod 167 0x000001d83060eb10 code [0x000001d83060ece0, 0x000001d83060ef98]
Event: 0.119 Thread 0x000001d846889570  168       3       java.lang.StringLatin1::replace (198 bytes)
Event: 0.120 Thread 0x000001d846889570 nmethod 168 0x000001d83060f090 code [0x000001d83060f300, 0x000001d8306100a8]
Event: 0.120 Thread 0x000001d846889570  169       3       jdk.internal.misc.Unsafe::allocateUninitializedArray0 (90 bytes)
Event: 0.120 Thread 0x000001d846889570 nmethod 169 0x000001d830610590 code [0x000001d830610780, 0x000001d830611038]
Event: 0.120 Thread 0x000001d846889570  170       3       java.lang.Class::getName (18 bytes)
Event: 0.120 Thread 0x000001d846889570 nmethod 170 0x000001d830611190 code [0x000001d830611340, 0x000001d8306114c8]
Event: 0.120 Thread 0x000001d846889570  171       3       jdk.internal.misc.Unsafe::allocateUninitializedArray (55 bytes)
Event: 0.120 Thread 0x000001d846889570 nmethod 171 0x000001d830611590 code [0x000001d8306117a0, 0x000001d830611c58]
Event: 0.120 Thread 0x000001d846889570  173       3       java.lang.String::replace (42 bytes)
Event: 0.120 Thread 0x000001d846889570 nmethod 173 0x000001d830611e10 code [0x000001d830611fe0, 0x000001d830612318]
Event: 0.120 Thread 0x000001d846889570  172       3       org.jetbrains.capture.org.objectweb.asm.Type::getInternalName (12 bytes)
Event: 0.120 Thread 0x000001d846889570 nmethod 172 0x000001d830612410 code [0x000001d8306125c0, 0x000001d8306127d8]
Event: 0.129 Thread 0x000001d846889570  175       3       java.util.HashSet::contains (9 bytes)
Event: 0.129 Thread 0x000001d846889570 nmethod 175 0x000001d830612910 code [0x000001d830612ac0, 0x000001d830612d48]
Event: 762.591 Thread 0x000001d846889570  176       1       sun.instrument.TransformerManager$TransformerInfo::transformer (5 bytes)
Event: 762.591 Thread 0x000001d846889570 nmethod 176 0x000001d837b1e290 code [0x000001d837b1e420, 0x000001d837b1e4d8]

GC Heap History (0 events):
No events

Deoptimization events (0 events):
No events

Classes unloaded (0 events):
No events

Classes redefined (8 events):
Event: 85.207 Thread 0x000001d84685c540 redefined class name=Calculator, count=1
Event: 282.421 Thread 0x000001d84685c540 redefined class name=Calculator, count=2
Event: 467.001 Thread 0x000001d84685c540 redefined class name=Calculator, count=3
Event: 630.686 Thread 0x000001d84685c540 redefined class name=Calculator, count=4
Event: 762.592 Thread 0x000001d84685c540 redefined class name=Calculator, count=5
Event: 827.134 Thread 0x000001d84685c540 redefined class name=Calculator, count=6
Event: 1210.252 Thread 0x000001d84685c540 redefined class name=Calculator, count=7
Event: 1358.532 Thread 0x000001d84685c540 redefined class name=Calculator, count=8

Internal exceptions (0 events):
No events

Events (20 events):
Event: 1275.832 Executing VM operation: ChangeBreakpoints
Event: 1275.832 Executing VM operation: ChangeBreakpoints done
Event: 1277.136 Executing VM operation: ChangeBreakpoints
Event: 1277.137 Executing VM operation: ChangeBreakpoints done
Event: 1358.526 Executing VM operation: ChangeBreakpoints
Event: 1358.526 Executing VM operation: ChangeBreakpoints done
Event: 1358.532 Executing VM operation: RedefineClasses
Event: 1358.533 Executing VM operation: RedefineClasses done
Event: 1358.534 Executing VM operation: GetFrameCount
Event: 1358.534 Executing VM operation: GetFrameCount done
Event: 1358.534 Executing VM operation: GetFrameCount
Event: 1358.534 Executing VM operation: GetFrameCount done
Event: 1358.534 Executing VM operation: GetStackTrace
Event: 1358.534 Executing VM operation: GetStackTrace done
Event: 1358.560 Executing VM operation: ChangeBreakpoints
Event: 1358.560 Executing VM operation: ChangeBreakpoints done
Event: 1358.566 Executing VM operation: GetFrameCount
Event: 1358.566 Executing VM operation: GetFrameCount done
Event: 1358.567 Executing VM operation: GetStackTrace
Event: 1358.568 Executing VM operation: GetStackTrace done


Dynamic libraries:
0x00007ff7b5f00000 - 0x00007ff7b5f0f000 	C:\Program Files\Java\jdk-15.0.1\bin\java.exe
0x00007fff3d2b0000 - 0x00007fff3d4a8000 	C:\WINDOWS\SYSTEM32\ntdll.dll
0x00007fff3b440000 - 0x00007fff3b4fd000 	C:\WINDOWS\System32\KERNEL32.DLL
0x00007fff3a9a0000 - 0x00007fff3ac6e000 	C:\WINDOWS\System32\KERNELBASE.dll
0x00007fff3b060000 - 0x00007fff3b160000 	C:\WINDOWS\System32\ucrtbase.dll
0x00007fff349e0000 - 0x00007fff349f8000 	C:\Program Files\Java\jdk-15.0.1\bin\jli.dll
0x00007fff3d0f0000 - 0x00007fff3d19e000 	C:\WINDOWS\System32\ADVAPI32.dll
0x00007fff349c0000 - 0x00007fff349d9000 	C:\Program Files\Java\jdk-15.0.1\bin\VCRUNTIME140.dll
0x00007fff3ca70000 - 0x00007fff3cb0e000 	C:\WINDOWS\System32\msvcrt.dll
0x00007fff3d1a0000 - 0x00007fff3d23c000 	C:\WINDOWS\System32\sechost.dll
0x00007fff3cc30000 - 0x00007fff3cd55000 	C:\WINDOWS\System32\RPCRT4.dll
0x00007fff25ae0000 - 0x00007fff25d7a000 	C:\WINDOWS\WinSxS\amd64_microsoft.windows.common-controls_6595b64144ccf1df_6.0.19041.1110_none_60b5254171f9507e\COMCTL32.dll
0x00007fff3bf20000 - 0x00007fff3bf4a000 	C:\WINDOWS\System32\GDI32.dll
0x00007fff3b160000 - 0x00007fff3b182000 	C:\WINDOWS\System32\win32u.dll
0x00007fff3ae50000 - 0x00007fff3af5b000 	C:\WINDOWS\System32\gdi32full.dll
0x00007fff3b190000 - 0x00007fff3b22d000 	C:\WINDOWS\System32\msvcp_win.dll
0x00007fff3cd60000 - 0x00007fff3cf00000 	C:\WINDOWS\System32\USER32.dll
0x00007fff33f70000 - 0x00007fff33f7a000 	C:\WINDOWS\SYSTEM32\VERSION.dll
0x00007fff3b2e0000 - 0x00007fff3b310000 	C:\WINDOWS\System32\IMM32.DLL
0x00007fff35d70000 - 0x00007fff35d7c000 	C:\Program Files\Java\jdk-15.0.1\bin\vcruntime140_1.dll
0x00007fff1ee60000 - 0x00007fff1eef1000 	C:\Program Files\Java\jdk-15.0.1\bin\msvcp140.dll
0x00007ffecb8d0000 - 0x00007ffecc42e000 	C:\Program Files\Java\jdk-15.0.1\bin\server\jvm.dll
0x00007fff3bf00000 - 0x00007fff3bf08000 	C:\WINDOWS\System32\PSAPI.DLL
0x00007fff1fe60000 - 0x00007fff1fe69000 	C:\WINDOWS\SYSTEM32\WSOCK32.dll
0x00007fff24bc0000 - 0x00007fff24be7000 	C:\WINDOWS\SYSTEM32\WINMM.dll
0x00007fff3b590000 - 0x00007fff3b5fb000 	C:\WINDOWS\System32\WS2_32.dll
0x00007fff38890000 - 0x00007fff388a2000 	C:\WINDOWS\SYSTEM32\kernel.appcore.dll
0x00007fff34e90000 - 0x00007fff34e9a000 	C:\Program Files\Java\jdk-15.0.1\bin\jimage.dll
0x00007fff23da0000 - 0x00007fff23f84000 	C:\WINDOWS\SYSTEM32\DBGHELP.DLL
0x00007fff1fe70000 - 0x00007fff1fe9c000 	C:\WINDOWS\SYSTEM32\dbgcore.DLL
0x00007fff3afd0000 - 0x00007fff3b052000 	C:\WINDOWS\System32\bcryptPrimitives.dll
0x00007fff346f0000 - 0x00007fff34729000 	C:\Program Files\Java\jdk-15.0.1\bin\jdwp.dll
0x00007fff346e0000 - 0x00007fff346ee000 	C:\Program Files\Java\jdk-15.0.1\bin\instrument.dll
0x00007fff34990000 - 0x00007fff349b5000 	C:\Program Files\Java\jdk-15.0.1\bin\java.dll
0x00007fff2e3d0000 - 0x00007fff2e3e8000 	C:\Program Files\Java\jdk-15.0.1\bin\zip.dll
0x00007fff3b600000 - 0x00007fff3bd43000 	C:\WINDOWS\System32\SHELL32.dll
0x00007fff38a90000 - 0x00007fff39225000 	C:\WINDOWS\SYSTEM32\windows.storage.dll
0x00007fff3bf50000 - 0x00007fff3c2a4000 	C:\WINDOWS\System32\combase.dll
0x00007fff3a400000 - 0x00007fff3a430000 	C:\WINDOWS\SYSTEM32\Wldp.dll
0x00007fff3cf00000 - 0x00007fff3cfad000 	C:\WINDOWS\System32\SHCORE.dll
0x00007fff3c310000 - 0x00007fff3c365000 	C:\WINDOWS\System32\shlwapi.dll
0x00007fff3a8e0000 - 0x00007fff3a8ff000 	C:\WINDOWS\SYSTEM32\profapi.dll
0x00007fff33a30000 - 0x00007fff33a3b000 	C:\Program Files\Java\jdk-15.0.1\bin\dt_socket.dll
0x00007fff39e00000 - 0x00007fff39e3b000 	C:\WINDOWS\SYSTEM32\IPHLPAPI.DLL
0x00007fff3a160000 - 0x00007fff3a1ca000 	C:\WINDOWS\system32\mswsock.dll

dbghelp: loaded successfully - version: 4.0.5 - missing functions: none
symbol engine: initialized successfully - sym options: 0x614 - pdb path: .;C:\Program Files\Java\jdk-15.0.1\bin;C:\WINDOWS\SYSTEM32;C:\WINDOWS\WinSxS\amd64_microsoft.windows.common-controls_6595b64144ccf1df_6.0.19041.1110_none_60b5254171f9507e;C:\Program Files\Java\jdk-15.0.1\bin\server

VM Arguments:
jvm_args: -agentlib:jdwp=transport=dt_socket,address=127.0.0.1:52563,suspend=y,server=n -javaagent:C:\Users\mi\AppData\Local\JetBrains\IntelliJIdea2022.2\captureAgent\debugger-agent.jar -Dfile.encoding=UTF-8 
java_command: Calculator
java_class_path (initial): D:\progi\Calculator\out\production\Calculator;D:\JAVA\IntelliJ IDEA 2022.2.1\lib\idea_rt.jar
Launcher Type: SUN_STANDARD

[Global flags]
     intx CICompilerCount                          = 4                                         {product} {ergonomic}
     uint ConcGCThreads                            = 2                                         {product} {ergonomic}
     uint G1ConcRefinementThreads                  = 8                                         {product} {ergonomic}
   size_t G1HeapRegionSize                         = 1048576                                   {product} {ergonomic}
    uintx GCDrainStackTargetSize                   = 64                                        {product} {ergonomic}
   size_t InitialHeapSize                          = 132120576                                 {product} {ergonomic}
   size_t MarkStackSize                            = 4194304                                   {product} {ergonomic}
   size_t MaxHeapSize                              = 2113929216                                {product} {ergonomic}
   size_t MaxNewSize                               = 1267728384                                {product} {ergonomic}
   size_t MinHeapDeltaBytes                        = 1048576                                   {product} {ergonomic}
   size_t MinHeapSize                              = 8388608                                   {product} {ergonomic}
    uintx NonNMethodCodeHeapSize                   = 5839372                                {pd product} {ergonomic}
    uintx NonProfiledCodeHeapSize                  = 122909434                              {pd product} {ergonomic}
    uintx ProfiledCodeHeapSize                     = 122909434                              {pd product} {ergonomic}
    uintx ReservedCodeCacheSize                    = 251658240                              {pd product} {ergonomic}
     bool SegmentedCodeCache                       = true                                      {product} {ergonomic}
   size_t SoftMaxHeapSize                          = 2113929216                             {manageable} {ergonomic}
     bool UseCompressedClassPointers               = true                                 {lp64_product} {ergonomic}
     bool UseCompressedOops                        = true                                 {lp64_product} {ergonomic}
     bool UseG1GC                                  = true                                      {product} {ergonomic}
     bool UseLargePagesIndividualAllocation        = false                                  {pd product} {ergonomic}

Logging:
Log output configuration:
 #0: stdout all=warning uptime,level,tags
 #1: stderr all=off uptime,level,tags

Environment Variables:
CLASSPATH=.;
PATH=C:\Program Files\Java\jdk-15.0.1\bin;C:\WINDOWS\system32;C:\WINDOWS;C:\WINDOWS\System32\Wbem;C:\WINDOWS\System32\WindowsPowerShell\v1.0\;C:\WINDOWS\System32\OpenSSH\;C:\Program Files (x86)\NVIDIA Corporation\PhysX\Common;C:\Program Files\NVIDIA Corporation\NVIDIA NvDLISR;C:\Program Files (x86)\dotnet\;C:\Program Files\Git\cmd;C:\Program Files\Java\jdk-15.0.1\bin;%USERPROFILE%\AppData\Local\Microsoft\WindowsApps;
USERNAME=mi
OS=Windows_NT
PROCESSOR_IDENTIFIER=Intel64 Family 6 Model 158 Stepping 10, GenuineIntel



---------------  S Y S T E M  ---------------

OS:
 Windows 10 , 64 bit Build 19041 (10.0.19041.1889)
OS uptime: 2 days 2:47 hours

CPU: total 8 (initial active 8) (4 cores per cpu, 2 threads per core) family 6 model 158 stepping 10 microcode 0xb4, cmov, cx8, fxsr, mmx, sse, sse2, sse3, ssse3, sse4.1, sse4.2, popcnt, vzeroupper, avx, avx2, aes, clmul, erms, 3dnowpref, lzcnt, ht, tsc, tscinvbit, bmi1, bmi2, adx, fma, clflush, clflushopt

Memory: 4k page, system-wide physical 8061M (1465M free)
TotalPageFile size 13949M (AvailPageFile size 3359M)
current process WorkingSet (physical memory assigned to process): 31M, peak: 32M
current process commit charge ("private bytes"): 212M, peak: 213M

vm_info: Java HotSpot(TM) 64-Bit Server VM (15.0.1+9-18) for windows-amd64 JRE (15.0.1+9-18), built on Sep 15 2020 14:43:54 by "mach5one" with unknown MS VC++:1925

END.
